sample/build/intermediates/manifest_merge_blame_file/debug/manifest-merger-blame-debug-report.txt
1<?xml version="1.0" encoding="utf-8"?>
2<manifest xmlns:android="http://schemas.android.com/apk/res/android"
3    package="jp.co.recruit.floatingview"
4    android:versionCode="1"
5    android:versionName="1.0" >
6
7    <uses-sdk
8        android:minSdkVersion="14"
8-->src\main\AndroidManifest.xml
9        android:targetSdkVersion="29" />
9-->src\main\AndroidManifest.xml
10
11    <!-- 最前面表示時のパーミッション -->
12    <uses-permission android:name="android.permission.SYSTEM_ALERT_WINDOW" />
12-->src\main\AndroidManifest.xml:6:5-78
12-->src\main\AndroidManifest.xml:6:22-75
13    <!-- Foreground Service permission(API level 28 or higher) -->
14    <uses-permission android:name="android.permission.FOREGROUND_SERVICE" />
14-->src\main\AndroidManifest.xml:8:5-77
14-->src\main\AndroidManifest.xml:8:22-74
15
16    <application
16-->src\main\AndroidManifest.xml:10:5-40:19
17        android:allowBackup="true"
17-->src\main\AndroidManifest.xml:11:9-35
18        android:appComponentFactory="androidx.core.app.CoreComponentFactory"
18-->[androidx.core:core:1.1.0] AndroidManifest.xml:24:18-86
19        android:debuggable="true"
20        android:icon="@mipmap/ic_launcher"
20-->src\main\AndroidManifest.xml:12:9-43
21        android:label="@string/app_name"
21-->src\main\AndroidManifest.xml:13:9-41
22        android:theme="@style/AppTheme" >
22-->src\main\AndroidManifest.xml:14:9-40
23        <activity
23-->src\main\AndroidManifest.xml:16:9-24:20
24            android:name="jp.co.recruit_lifestyle.sample.MainActivity"
24-->src\main\AndroidManifest.xml:17:13-71
25            android:label="@string/app_name"
25-->src\main\AndroidManifest.xml:18:13-45
26            android:screenOrientation="portrait" >
26-->src\main\AndroidManifest.xml:19:13-49
27            <intent-filter>
27-->src\main\AndroidManifest.xml:20:13-23:29
28                <action android:name="android.intent.action.MAIN" />
28-->src\main\AndroidManifest.xml:21:17-69
28-->src\main\AndroidManifest.xml:21:25-66
29
30                <category android:name="android.intent.category.LAUNCHER" />
30-->src\main\AndroidManifest.xml:22:17-77
30-->src\main\AndroidManifest.xml:22:27-74
31            </intent-filter>
32        </activity>
33        <!-- デモ画面 -->
34        <activity
34-->src\main\AndroidManifest.xml:26:9-30:82
35            android:name="jp.co.recruit_lifestyle.sample.DeleteActionActivity"
35-->src\main\AndroidManifest.xml:27:13-79
36            android:excludeFromRecents="true"
36-->src\main\AndroidManifest.xml:28:13-46
37            android:launchMode="singleInstance"
37-->src\main\AndroidManifest.xml:29:13-48
38            android:taskAffinity="jp.co.recruit.floatingview.ChatHeadActivity" />
38-->src\main\AndroidManifest.xml:30:13-79
39        <!-- デモ表示サービス -->
40        <service
40-->src\main\AndroidManifest.xml:32:9-34:40
41            android:name="jp.co.recruit_lifestyle.sample.service.ChatHeadService"
41-->src\main\AndroidManifest.xml:33:13-82
42            android:exported="false" />
42-->src\main\AndroidManifest.xml:34:13-37
43        <!-- カスタムデモ表示サービス -->
44        <service
44-->src\main\AndroidManifest.xml:36:9-38:40
45            android:name="jp.co.recruit_lifestyle.sample.service.CustomFloatingViewService"
45-->src\main\AndroidManifest.xml:37:13-92
46            android:exported="false" />
46-->src\main\AndroidManifest.xml:38:13-37
47    </application>
48
49</manifest>